2018-06-12 11:51:57.974[restartedMain]INFO  com.demo.springbootdemo.SpringbootdemoApplication -Starting SpringbootdemoApplication on czx with PID 33120 (D:\workspace\ideaworkspace\springbootdemo\target\classes started by czx in D:\workspace\ideaworkspace\springbootdemo)
2018-06-12 11:51:57.976[restartedMain]INFO  com.demo.springbootdemo.SpringbootdemoApplication -The following profiles are active: dev
2018-06-12 11:51:58.038[restartedMain]INFO  o.s.b.c.e.AnnotationConfigEmbeddedWebApplicationContext -Refreshing org.springframework.boot.context.embedded.AnnotationConfigEmbeddedWebApplicationContext@7e33e0b5: startup date [Tue Jun 12 11:51:58 CST 2018]; root of context hierarchy
2018-06-12 11:51:58.218[background-preinit]INFO  org.hibernate.validator.internal.util.Version -HV000001: Hibernate Validator 5.3.4.Final
2018-06-12 11:51:58.948[restartedMain]INFO  o.s.d.r.config.RepositoryConfigurationDelegate -Multiple Spring Data modules found, entering strict repository configuration mode!
2018-06-12 11:51:58.992[restartedMain]INFO  o.s.d.r.config.RepositoryConfigurationDelegate -Multiple Spring Data modules found, entering strict repository configuration mode!
2018-06-12 11:51:59.010[restartedMain]INFO  o.s.d.r.c.RepositoryConfigurationExtensionSupport -Spring Data Redis - Could not safely identify store assignment for repository candidate interface com.demo.springbootdemo.repository.PersonRepository.
2018-06-12 11:51:59.317[restartedMain]INFO  o.s.c.s.PostProcessorRegistrationDelegate$BeanPostProcessorChecker -Bean 'org.springframework.transaction.annotation.ProxyTransactionManagementConfiguration' of type [org.springframework.transaction.annotation.ProxyTransactionManagementConfiguration$$EnhancerBySpringCGLIB$$1714a13] is not eligible for getting processed by all BeanPostProcessors (for example: not eligible for auto-proxying)
2018-06-12 11:51:59.346[restartedMain]INFO  o.s.c.s.PostProcessorRegistrationDelegate$BeanPostProcessorChecker -Bean 'redisConfiguration' of type [com.demo.springbootdemo.conf.RedisConfiguration$$EnhancerBySpringCGLIB$$fe1f502f] is not eligible for getting processed by all BeanPostProcessors (for example: not eligible for auto-proxying)
2018-06-12 11:51:59.351[restartedMain]INFO  o.s.c.s.PostProcessorRegistrationDelegate$BeanPostProcessorChecker -Bean 'keyGenerator' of type [com.demo.springbootdemo.conf.RedisConfiguration$1] is not eligible for getting processed by all BeanPostProcessors (for example: not eligible for auto-proxying)
2018-06-12 11:51:59.352[restartedMain]INFO  o.s.c.s.PostProcessorRegistrationDelegate$BeanPostProcessorChecker -Bean 'org.springframework.cache.annotation.ProxyCachingConfiguration' of type [org.springframework.cache.annotation.ProxyCachingConfiguration$$EnhancerBySpringCGLIB$$4a838031] is not eligible for getting processed by all BeanPostProcessors (for example: not eligible for auto-proxying)
2018-06-12 11:51:59.607[restartedMain]INFO  o.s.b.c.e.tomcat.TomcatEmbeddedServletContainer -Tomcat initialized with port(s): 8082 (http)
2018-06-12 11:51:59.615[restartedMain]INFO  org.apache.catalina.core.StandardService -Starting service Tomcat
2018-06-12 11:51:59.615[restartedMain]INFO  org.apache.catalina.core.StandardEngine -Starting Servlet Engine: Apache Tomcat/8.5.11
2018-06-12 11:51:59.676[localhost-startStop-1]INFO  o.a.c.core.ContainerBase.[Tomcat].[localhost].[/] -Initializing Spring embedded WebApplicationContext
2018-06-12 11:51:59.676[localhost-startStop-1]INFO  org.springframework.web.context.ContextLoader -Root WebApplicationContext: initialization completed in 1638 ms
2018-06-12 11:51:59.784[localhost-startStop-1]INFO  o.s.boot.web.servlet.ServletRegistrationBean -Mapping servlet: 'dispatcherServlet' to [/]
2018-06-12 11:51:59.788[localhost-startStop-1]INFO  o.s.boot.web.servlet.FilterRegistrationBean -Mapping filter: 'characterEncodingFilter' to: [/*]
2018-06-12 11:51:59.788[localhost-startStop-1]INFO  o.s.boot.web.servlet.FilterRegistrationBean -Mapping filter: 'hiddenHttpMethodFilter' to: [/*]
2018-06-12 11:51:59.788[localhost-startStop-1]INFO  o.s.boot.web.servlet.FilterRegistrationBean -Mapping filter: 'httpPutFormContentFilter' to: [/*]
2018-06-12 11:51:59.788[localhost-startStop-1]INFO  o.s.boot.web.servlet.FilterRegistrationBean -Mapping filter: 'requestContextFilter' to: [/*]
2018-06-12 11:52:00.234[restartedMain]INFO  o.s.orm.jpa.LocalContainerEntityManagerFactoryBean -Building JPA container EntityManagerFactory for persistence unit 'default'
2018-06-12 11:52:00.245[restartedMain]INFO  org.hibernate.jpa.internal.util.LogHelper -HHH000204: Processing PersistenceUnitInfo [
	name: default
	...]
2018-06-12 11:52:00.308[restartedMain]INFO  org.hibernate.Version -HHH000412: Hibernate Core {5.0.12.Final}
2018-06-12 11:52:00.309[restartedMain]INFO  org.hibernate.cfg.Environment -HHH000206: hibernate.properties not found
2018-06-12 11:52:00.310[restartedMain]INFO  org.hibernate.cfg.Environment -HHH000021: Bytecode provider name : javassist
2018-06-12 11:52:00.347[restartedMain]INFO  org.hibernate.annotations.common.Version -HCANN000001: Hibernate Commons Annotations {5.0.1.Final}
2018-06-12 11:52:00.539[restartedMain]INFO  org.hibernate.dialect.Dialect -HHH000400: Using dialect: org.hibernate.dialect.MySQL5Dialect
2018-06-12 11:52:00.785[restartedMain]INFO  org.hibernate.tool.hbm2ddl.SchemaUpdate -HHH000228: Running hbm2ddl schema update
2018-06-12 11:52:00.851[restartedMain]INFO  o.s.orm.jpa.LocalContainerEntityManagerFactoryBean -Initialized JPA EntityManagerFactory for persistence unit 'default'
2018-06-12 11:52:01.476[restartedMain]INFO  o.s.w.s.m.m.a.RequestMappingHandlerMapping -Mapped "{[/getValue],methods=[GET]}" onto public java.lang.String com.demo.springbootdemo.controller.HelloController.getPropertiessValue()
2018-06-12 11:52:01.477[restartedMain]INFO  o.s.w.s.m.m.a.RequestMappingHandlerMapping -Mapped "{[/hello],methods=[GET]}" onto public java.lang.String com.demo.springbootdemo.controller.HelloController.say()
2018-06-12 11:52:01.480[restartedMain]INFO  o.s.w.s.m.m.a.RequestMappingHandlerMapping -Mapped "{[/list],methods=[POST]}" onto public java.util.List<com.demo.springbootdemo.entity.Person> com.demo.springbootdemo.controller.PersonController.personList()
2018-06-12 11:52:01.482[restartedMain]INFO  o.s.w.s.m.m.a.RequestMappingHandlerMapping -Mapped "{[/add],methods=[POST]}" onto public com.demo.springbootdemo.entity.Person com.demo.springbootdemo.controller.PersonController.personAdd(com.demo.springbootdemo.entity.Person)
2018-06-12 11:52:01.482[restartedMain]INFO  o.s.w.s.m.m.a.RequestMappingHandlerMapping -Mapped "{[/update],methods=[PUT]}" onto public com.demo.springbootdemo.entity.Person com.demo.springbootdemo.controller.PersonController.personUpdate(com.demo.springbootdemo.entity.Person)
2018-06-12 11:52:01.482[restartedMain]INFO  o.s.w.s.m.m.a.RequestMappingHandlerMapping -Mapped "{[/two],methods=[POST]}" onto public void com.demo.springbootdemo.controller.PersonController.insertTwo()
2018-06-12 11:52:01.482[restartedMain]INFO  o.s.w.s.m.m.a.RequestMappingHandlerMapping -Mapped "{[/get/{id}],methods=[GET]}" onto public com.demo.springbootdemo.entity.Person com.demo.springbootdemo.controller.PersonController.personFindOne(java.lang.Integer)
2018-06-12 11:52:01.482[restartedMain]INFO  o.s.w.s.m.m.a.RequestMappingHandlerMapping -Mapped "{[/get/age/{age}],methods=[GET]}" onto public java.util.List<com.demo.springbootdemo.entity.Person> com.demo.springbootdemo.controller.PersonController.personListByAge(java.lang.Integer)
2018-06-12 11:52:01.483[restartedMain]INFO  o.s.w.s.m.m.a.RequestMappingHandlerMapping -Mapped "{[/delete/{id}],methods=[DELETE]}" onto public void com.demo.springbootdemo.controller.PersonController.personDelete(java.lang.Integer)
2018-06-12 11:52:01.485[restartedMain]INFO  o.s.w.s.m.m.a.RequestMappingHandlerMapping -Mapped "{[/swagger-resources]}" onto public org.springframework.http.ResponseEntity<java.util.List<springfox.documentation.swagger.web.SwaggerResource>> springfox.documentation.swagger.web.ApiResourceController.swaggerResources()
2018-06-12 11:52:01.486[restartedMain]INFO  o.s.w.s.m.m.a.RequestMappingHandlerMapping -Mapped "{[/swagger-resources/configuration/ui]}" onto public org.springframework.http.ResponseEntity<springfox.documentation.swagger.web.UiConfiguration> springfox.documentation.swagger.web.ApiResourceController.uiConfiguration()
2018-06-12 11:52:01.486[restartedMain]INFO  o.s.w.s.m.m.a.RequestMappingHandlerMapping -Mapped "{[/swagger-resources/configuration/security]}" onto public org.springframework.http.ResponseEntity<springfox.documentation.swagger.web.SecurityConfiguration> springfox.documentation.swagger.web.ApiResourceController.securityConfiguration()
2018-06-12 11:52:01.488[restartedMain]INFO  o.s.w.s.m.m.a.RequestMappingHandlerMapping -Mapped "{[/error]}" onto public org.springframework.http.ResponseEntity<java.util.Map<java.lang.String, java.lang.Object>> org.springframework.boot.autoconfigure.web.BasicErrorController.error(javax.servlet.http.HttpServletRequest)
2018-06-12 11:52:01.489[restartedMain]INFO  o.s.w.s.m.m.a.RequestMappingHandlerMapping -Mapped "{[/error],produces=[text/html]}" onto public org.springframework.web.servlet.ModelAndView org.springframework.boot.autoconfigure.web.BasicErrorController.errorHtml(javax.servlet.http.HttpServletRequest,javax.servlet.http.HttpServletResponse)
2018-06-12 11:52:01.604[restartedMain]INFO  s.d.s.w.PropertySourcedRequestMappingHandlerMapping -Mapped URL path [/v2/api-docs] onto method [public org.springframework.http.ResponseEntity<springfox.documentation.spring.web.json.Json> springfox.documentation.swagger2.web.Swagger2Controller.getDocumentation(java.lang.String,javax.servlet.http.HttpServletRequest)]
2018-06-12 11:52:01.676[restartedMain]INFO  o.s.w.s.m.m.a.RequestMappingHandlerAdapter -Looking for @ControllerAdvice: org.springframework.boot.context.embedded.AnnotationConfigEmbeddedWebApplicationContext@7e33e0b5: startup date [Tue Jun 12 11:51:58 CST 2018]; root of context hierarchy
2018-06-12 11:52:01.713[restartedMain]INFO  o.s.web.servlet.handler.SimpleUrlHandlerMapping -Mapped URL path [/webjars/**] onto handler of type [class org.springframework.web.servlet.resource.ResourceHttpRequestHandler]
2018-06-12 11:52:01.713[restartedMain]INFO  o.s.web.servlet.handler.SimpleUrlHandlerMapping -Mapped URL path [/**] onto handler of type [class org.springframework.web.servlet.resource.ResourceHttpRequestHandler]
2018-06-12 11:52:01.741[restartedMain]INFO  o.s.web.servlet.handler.SimpleUrlHandlerMapping -Mapped URL path [/**/favicon.ico] onto handler of type [class org.springframework.web.servlet.resource.ResourceHttpRequestHandler]
2018-06-12 11:52:01.950[restartedMain]INFO  o.s.b.d.autoconfigure.OptionalLiveReloadServer -LiveReload server is running on port 35729
2018-06-12 11:52:01.992[restartedMain]INFO  o.s.jmx.export.annotation.AnnotationMBeanExporter -Registering beans for JMX exposure on startup
2018-06-12 11:52:01.998[restartedMain]INFO  o.s.context.support.DefaultLifecycleProcessor -Starting beans in phase 2147483647
2018-06-12 11:52:01.999[restartedMain]INFO  s.d.s.web.plugins.DocumentationPluginsBootstrapper -Context refreshed
2018-06-12 11:52:02.011[restartedMain]INFO  s.d.s.web.plugins.DocumentationPluginsBootstrapper -Found 1 custom documentation plugin(s)
2018-06-12 11:52:02.034[restartedMain]INFO  s.d.spring.web.scanners.ApiListingReferenceScanner -Scanning for api listing references
2018-06-12 11:52:02.214[restartedMain]INFO  org.apache.coyote.http11.Http11NioProtocol -Initializing ProtocolHandler ["http-nio-8082"]
2018-06-12 11:52:02.220[restartedMain]INFO  org.apache.coyote.http11.Http11NioProtocol -Starting ProtocolHandler [http-nio-8082]
2018-06-12 11:52:02.228[restartedMain]INFO  org.apache.tomcat.util.net.NioSelectorPool -Using a shared selector for servlet write/read
2018-06-12 11:52:02.239[restartedMain]INFO  o.s.b.c.e.tomcat.TomcatEmbeddedServletContainer -Tomcat started on port(s): 8082 (http)
2018-06-12 11:52:02.244[restartedMain]INFO  com.demo.springbootdemo.SpringbootdemoApplication -Started SpringbootdemoApplication in 4.604 seconds (JVM running for 5.949)
2018-06-12 11:52:10.379[http-nio-8082-exec-1]INFO  o.a.c.core.ContainerBase.[Tomcat].[localhost].[/] -Initializing Spring FrameworkServlet 'dispatcherServlet'
2018-06-12 11:52:10.379[http-nio-8082-exec-1]INFO  org.springframework.web.servlet.DispatcherServlet -FrameworkServlet 'dispatcherServlet': initialization started
2018-06-12 11:52:10.398[http-nio-8082-exec-1]INFO  org.springframework.web.servlet.DispatcherServlet -FrameworkServlet 'dispatcherServlet': initialization completed in 19 ms
2018-06-12 11:52:18.943[http-nio-8082-exec-3]INFO  c.demo.springbootdemo.controller.PersonController -查询用户参数id：2
2018-06-12 11:53:16.788[http-nio-8082-exec-5]INFO  c.demo.springbootdemo.controller.PersonController -查询用户参数id：2
2018-06-12 11:54:03.491[http-nio-8082-exec-4]INFO  c.demo.springbootdemo.controller.PersonController -添加用户的参数：Person(id=null, name=测试8, age=34)
2018-06-12 11:54:33.802[http-nio-8082-exec-10]WARN  o.s.w.s.m.support.DefaultHandlerExceptionResolver -Failed to read HTTP message: org.springframework.http.converter.HttpMessageNotReadableException: Required request body is missing: public com.demo.springbootdemo.entity.Person com.demo.springbootdemo.controller.PersonController.personAdd(com.demo.springbootdemo.entity.Person)
2018-06-12 11:54:33.802[http-nio-8082-exec-10]WARN  o.s.w.s.m.support.DefaultHandlerExceptionResolver -Resolved exception caused by Handler execution: org.springframework.http.converter.HttpMessageNotReadableException: Required request body is missing: public com.demo.springbootdemo.entity.Person com.demo.springbootdemo.controller.PersonController.personAdd(com.demo.springbootdemo.entity.Person)
2018-06-12 11:54:41.421[http-nio-8082-exec-7]WARN  o.s.w.s.m.support.DefaultHandlerExceptionResolver -Failed to read HTTP message: org.springframework.http.converter.HttpMessageNotReadableException: Required request body is missing: public com.demo.springbootdemo.entity.Person com.demo.springbootdemo.controller.PersonController.personAdd(com.demo.springbootdemo.entity.Person)
2018-06-12 11:54:41.421[http-nio-8082-exec-7]WARN  o.s.w.s.m.support.DefaultHandlerExceptionResolver -Resolved exception caused by Handler execution: org.springframework.http.converter.HttpMessageNotReadableException: Required request body is missing: public com.demo.springbootdemo.entity.Person com.demo.springbootdemo.controller.PersonController.personAdd(com.demo.springbootdemo.entity.Person)
2018-06-12 11:55:18.604[http-nio-8082-exec-5]WARN  o.s.w.s.m.support.DefaultHandlerExceptionResolver -Resolved exception caused by Handler execution: org.springframework.web.HttpMediaTypeNotSupportedException: Content type 'multipart/form-data;boundary=--------------------------992662189409426639603146;charset=UTF-8' not supported
2018-06-12 11:55:42.923[http-nio-8082-exec-3]WARN  o.s.w.s.m.support.DefaultHandlerExceptionResolver -Resolved exception caused by Handler execution: org.springframework.web.HttpMediaTypeNotSupportedException: Content type 'application/x-www-form-urlencoded;charset=UTF-8' not supported
2018-06-12 11:55:53.832[http-nio-8082-exec-4]WARN  o.s.w.s.m.support.DefaultHandlerExceptionResolver -Resolved exception caused by Handler execution: org.springframework.web.HttpMediaTypeNotSupportedException: Content type 'application/x-www-form-urlencoded;charset=UTF-8' not supported
2018-06-12 11:56:24.932[http-nio-8082-exec-2]WARN  o.s.w.s.m.support.DefaultHandlerExceptionResolver -Resolved exception caused by Handler execution: org.springframework.web.HttpMediaTypeNotSupportedException: Content type 'application/x-www-form-urlencoded;charset=UTF-8' not supported
2018-06-12 11:57:50.081[http-nio-8082-exec-10]INFO  c.demo.springbootdemo.controller.PersonController -添加用户的参数：Person(id=null, name=测试9, age=35)
2018-06-12 14:03:56.788[Thread-18]INFO  o.s.b.c.e.AnnotationConfigEmbeddedWebApplicationContext -Closing org.springframework.boot.context.embedded.AnnotationConfigEmbeddedWebApplicationContext@7e33e0b5: startup date [Tue Jun 12 11:51:58 CST 2018]; root of context hierarchy
2018-06-12 14:03:56.799[Thread-18]INFO  o.s.context.support.DefaultLifecycleProcessor -Stopping beans in phase 2147483647
2018-06-12 14:03:56.801[Thread-18]INFO  o.s.jmx.export.annotation.AnnotationMBeanExporter -Unregistering JMX-exposed beans on shutdown
2018-06-12 14:03:56.802[Thread-18]INFO  o.s.orm.jpa.LocalContainerEntityManagerFactoryBean -Closing JPA EntityManagerFactory for persistence unit 'default'
2018-06-12 14:03:57.277[restartedMain]INFO  com.demo.springbootdemo.SpringbootdemoApplication -Starting SpringbootdemoApplication on czx with PID 33120 (D:\workspace\ideaworkspace\springbootdemo\target\classes started by czx in D:\workspace\ideaworkspace\springbootdemo)
2018-06-12 14:03:57.278[restartedMain]INFO  com.demo.springbootdemo.SpringbootdemoApplication -The following profiles are active: dev
2018-06-12 14:03:57.284[restartedMain]INFO  o.s.b.c.e.AnnotationConfigEmbeddedWebApplicationContext -Refreshing org.springframework.boot.context.embedded.AnnotationConfigEmbeddedWebApplicationContext@75b6225: startup date [Tue Jun 12 14:03:57 CST 2018]; root of context hierarchy
2018-06-12 14:03:57.835[restartedMain]INFO  o.s.d.r.config.RepositoryConfigurationDelegate -Multiple Spring Data modules found, entering strict repository configuration mode!
2018-06-12 14:03:57.851[restartedMain]INFO  o.s.d.r.config.RepositoryConfigurationDelegate -Multiple Spring Data modules found, entering strict repository configuration mode!
2018-06-12 14:03:57.859[restartedMain]INFO  o.s.d.r.c.RepositoryConfigurationExtensionSupport -Spring Data Redis - Could not safely identify store assignment for repository candidate interface com.demo.springbootdemo.repository.PersonRepository.
2018-06-12 14:03:57.903[restartedMain]INFO  o.s.c.s.PostProcessorRegistrationDelegate$BeanPostProcessorChecker -Bean 'org.springframework.transaction.annotation.ProxyTransactionManagementConfiguration' of type [org.springframework.transaction.annotation.ProxyTransactionManagementConfiguration$$EnhancerBySpringCGLIB$$1714a13] is not eligible for getting processed by all BeanPostProcessors (for example: not eligible for auto-proxying)
2018-06-12 14:03:57.908[restartedMain]INFO  o.s.c.s.PostProcessorRegistrationDelegate$BeanPostProcessorChecker -Bean 'redisConfiguration' of type [com.demo.springbootdemo.conf.RedisConfiguration$$EnhancerBySpringCGLIB$$fe1f502f] is not eligible for getting processed by all BeanPostProcessors (for example: not eligible for auto-proxying)
2018-06-12 14:03:57.912[restartedMain]INFO  o.s.c.s.PostProcessorRegistrationDelegate$BeanPostProcessorChecker -Bean 'keyGenerator' of type [com.demo.springbootdemo.conf.RedisConfiguration$1] is not eligible for getting processed by all BeanPostProcessors (for example: not eligible for auto-proxying)
2018-06-12 14:03:57.912[restartedMain]INFO  o.s.c.s.PostProcessorRegistrationDelegate$BeanPostProcessorChecker -Bean 'org.springframework.cache.annotation.ProxyCachingConfiguration' of type [org.springframework.cache.annotation.ProxyCachingConfiguration$$EnhancerBySpringCGLIB$$4a838031] is not eligible for getting processed by all BeanPostProcessors (for example: not eligible for auto-proxying)
2018-06-12 14:03:57.991[restartedMain]INFO  o.s.b.c.e.tomcat.TomcatEmbeddedServletContainer -Tomcat initialized with port(s): 8082 (http)
2018-06-12 14:03:57.991[restartedMain]INFO  org.apache.catalina.core.StandardService -Starting service Tomcat
2018-06-12 14:03:57.991[restartedMain]INFO  org.apache.catalina.core.StandardEngine -Starting Servlet Engine: Apache Tomcat/8.5.11
2018-06-12 14:03:57.999[localhost-startStop-1]INFO  o.a.c.core.ContainerBase.[Tomcat].[localhost].[/] -Initializing Spring embedded WebApplicationContext
2018-06-12 14:03:57.999[localhost-startStop-1]INFO  org.springframework.web.context.ContextLoader -Root WebApplicationContext: initialization completed in 715 ms
2018-06-12 14:03:58.041[localhost-startStop-1]INFO  o.s.boot.web.servlet.ServletRegistrationBean -Mapping servlet: 'dispatcherServlet' to [/]
2018-06-12 14:03:58.042[localhost-startStop-1]INFO  o.s.boot.web.servlet.FilterRegistrationBean -Mapping filter: 'characterEncodingFilter' to: [/*]
2018-06-12 14:03:58.042[localhost-startStop-1]INFO  o.s.boot.web.servlet.FilterRegistrationBean -Mapping filter: 'hiddenHttpMethodFilter' to: [/*]
2018-06-12 14:03:58.042[localhost-startStop-1]INFO  o.s.boot.web.servlet.FilterRegistrationBean -Mapping filter: 'httpPutFormContentFilter' to: [/*]
2018-06-12 14:03:58.042[localhost-startStop-1]INFO  o.s.boot.web.servlet.FilterRegistrationBean -Mapping filter: 'requestContextFilter' to: [/*]
2018-06-12 14:03:58.186[restartedMain]INFO  o.s.orm.jpa.LocalContainerEntityManagerFactoryBean -Building JPA container EntityManagerFactory for persistence unit 'default'
2018-06-12 14:03:58.186[restartedMain]INFO  org.hibernate.jpa.internal.util.LogHelper -HHH000204: Processing PersistenceUnitInfo [
	name: default
	...]
2018-06-12 14:03:58.192[restartedMain]INFO  org.hibernate.dialect.Dialect -HHH000400: Using dialect: org.hibernate.dialect.MySQL5Dialect
2018-06-12 14:03:58.206[restartedMain]INFO  org.hibernate.tool.hbm2ddl.SchemaUpdate -HHH000228: Running hbm2ddl schema update
2018-06-12 14:03:58.216[restartedMain]INFO  o.s.orm.jpa.LocalContainerEntityManagerFactoryBean -Initialized JPA EntityManagerFactory for persistence unit 'default'
2018-06-12 14:03:58.437[restartedMain]INFO  o.s.w.s.m.m.a.RequestMappingHandlerMapping -Mapped "{[/getValue],methods=[GET]}" onto public java.lang.String com.demo.springbootdemo.controller.HelloController.getPropertiessValue()
2018-06-12 14:03:58.437[restartedMain]INFO  o.s.w.s.m.m.a.RequestMappingHandlerMapping -Mapped "{[/hello],methods=[GET]}" onto public java.lang.String com.demo.springbootdemo.controller.HelloController.say()
2018-06-12 14:03:58.439[restartedMain]INFO  o.s.w.s.m.m.a.RequestMappingHandlerMapping -Mapped "{[/list],methods=[POST]}" onto public java.util.List<com.demo.springbootdemo.entity.Person> com.demo.springbootdemo.controller.PersonController.personList()
2018-06-12 14:03:58.439[restartedMain]INFO  o.s.w.s.m.m.a.RequestMappingHandlerMapping -Mapped "{[/add],methods=[POST]}" onto public com.demo.springbootdemo.entity.Person com.demo.springbootdemo.controller.PersonController.personAdd(com.demo.springbootdemo.entity.Person)
2018-06-12 14:03:58.439[restartedMain]INFO  o.s.w.s.m.m.a.RequestMappingHandlerMapping -Mapped "{[/update],methods=[PUT]}" onto public com.demo.springbootdemo.entity.Person com.demo.springbootdemo.controller.PersonController.personUpdate(com.demo.springbootdemo.entity.Person)
2018-06-12 14:03:58.439[restartedMain]INFO  o.s.w.s.m.m.a.RequestMappingHandlerMapping -Mapped "{[/two],methods=[POST]}" onto public void com.demo.springbootdemo.controller.PersonController.insertTwo()
2018-06-12 14:03:58.439[restartedMain]INFO  o.s.w.s.m.m.a.RequestMappingHandlerMapping -Mapped "{[/get/{id}],methods=[GET]}" onto public com.demo.springbootdemo.entity.Person com.demo.springbootdemo.controller.PersonController.personFindOne(java.lang.Integer)
2018-06-12 14:03:58.440[restartedMain]INFO  o.s.w.s.m.m.a.RequestMappingHandlerMapping -Mapped "{[/get/age/{age}],methods=[GET]}" onto public java.util.List<com.demo.springbootdemo.entity.Person> com.demo.springbootdemo.controller.PersonController.personListByAge(java.lang.Integer)
2018-06-12 14:03:58.440[restartedMain]INFO  o.s.w.s.m.m.a.RequestMappingHandlerMapping -Mapped "{[/delete/{id}],methods=[DELETE]}" onto public void com.demo.springbootdemo.controller.PersonController.personDelete(java.lang.Integer)
2018-06-12 14:03:58.441[restartedMain]INFO  o.s.w.s.m.m.a.RequestMappingHandlerMapping -Mapped "{[/swagger-resources]}" onto public org.springframework.http.ResponseEntity<java.util.List<springfox.documentation.swagger.web.SwaggerResource>> springfox.documentation.swagger.web.ApiResourceController.swaggerResources()
2018-06-12 14:03:58.441[restartedMain]INFO  o.s.w.s.m.m.a.RequestMappingHandlerMapping -Mapped "{[/swagger-resources/configuration/ui]}" onto public org.springframework.http.ResponseEntity<springfox.documentation.swagger.web.UiConfiguration> springfox.documentation.swagger.web.ApiResourceController.uiConfiguration()
2018-06-12 14:03:58.442[restartedMain]INFO  o.s.w.s.m.m.a.RequestMappingHandlerMapping -Mapped "{[/swagger-resources/configuration/security]}" onto public org.springframework.http.ResponseEntity<springfox.documentation.swagger.web.SecurityConfiguration> springfox.documentation.swagger.web.ApiResourceController.securityConfiguration()
2018-06-12 14:03:58.443[restartedMain]INFO  o.s.w.s.m.m.a.RequestMappingHandlerMapping -Mapped "{[/error]}" onto public org.springframework.http.ResponseEntity<java.util.Map<java.lang.String, java.lang.Object>> org.springframework.boot.autoconfigure.web.BasicErrorController.error(javax.servlet.http.HttpServletRequest)
2018-06-12 14:03:58.443[restartedMain]INFO  o.s.w.s.m.m.a.RequestMappingHandlerMapping -Mapped "{[/error],produces=[text/html]}" onto public org.springframework.web.servlet.ModelAndView org.springframework.boot.autoconfigure.web.BasicErrorController.errorHtml(javax.servlet.http.HttpServletRequest,javax.servlet.http.HttpServletResponse)
2018-06-12 14:03:58.485[restartedMain]INFO  s.d.s.w.PropertySourcedRequestMappingHandlerMapping -Mapped URL path [/v2/api-docs] onto method [public org.springframework.http.ResponseEntity<springfox.documentation.spring.web.json.Json> springfox.documentation.swagger2.web.Swagger2Controller.getDocumentation(java.lang.String,javax.servlet.http.HttpServletRequest)]
2018-06-12 14:03:58.503[restartedMain]INFO  o.s.w.s.m.m.a.RequestMappingHandlerAdapter -Looking for @ControllerAdvice: org.springframework.boot.context.embedded.AnnotationConfigEmbeddedWebApplicationContext@75b6225: startup date [Tue Jun 12 14:03:57 CST 2018]; root of context hierarchy
2018-06-12 14:03:58.513[restartedMain]INFO  o.s.web.servlet.handler.SimpleUrlHandlerMapping -Mapped URL path [/webjars/**] onto handler of type [class org.springframework.web.servlet.resource.ResourceHttpRequestHandler]
2018-06-12 14:03:58.513[restartedMain]INFO  o.s.web.servlet.handler.SimpleUrlHandlerMapping -Mapped URL path [/**] onto handler of type [class org.springframework.web.servlet.resource.ResourceHttpRequestHandler]
2018-06-12 14:03:58.525[restartedMain]INFO  o.s.web.servlet.handler.SimpleUrlHandlerMapping -Mapped URL path [/**/favicon.ico] onto handler of type [class org.springframework.web.servlet.resource.ResourceHttpRequestHandler]
2018-06-12 14:03:58.592[restartedMain]INFO  o.s.b.d.autoconfigure.OptionalLiveReloadServer -LiveReload server is running on port 35729
2018-06-12 14:03:58.628[restartedMain]INFO  o.s.jmx.export.annotation.AnnotationMBeanExporter -Registering beans for JMX exposure on startup
2018-06-12 14:03:58.632[restartedMain]INFO  o.s.context.support.DefaultLifecycleProcessor -Starting beans in phase 2147483647
2018-06-12 14:03:58.632[restartedMain]INFO  s.d.s.web.plugins.DocumentationPluginsBootstrapper -Context refreshed
2018-06-12 14:03:58.633[restartedMain]INFO  s.d.s.web.plugins.DocumentationPluginsBootstrapper -Found 1 custom documentation plugin(s)
2018-06-12 14:03:58.639[restartedMain]INFO  s.d.spring.web.scanners.ApiListingReferenceScanner -Scanning for api listing references
2018-06-12 14:03:58.724[restartedMain]INFO  org.apache.coyote.http11.Http11NioProtocol -Initializing ProtocolHandler ["http-nio-8082"]
2018-06-12 14:03:58.724[restartedMain]INFO  org.apache.coyote.http11.Http11NioProtocol -Starting ProtocolHandler [http-nio-8082]
2018-06-12 14:03:58.725[restartedMain]INFO  org.apache.tomcat.util.net.NioSelectorPool -Using a shared selector for servlet write/read
2018-06-12 14:03:58.726[restartedMain]INFO  o.s.b.c.e.tomcat.TomcatEmbeddedServletContainer -Tomcat started on port(s): 8082 (http)
2018-06-12 14:03:58.728[restartedMain]INFO  com.demo.springbootdemo.SpringbootdemoApplication -Started SpringbootdemoApplication in 1.523 seconds (JVM running for 7922.444)
2018-06-12 14:04:21.453[Thread-26]INFO  o.s.b.c.e.AnnotationConfigEmbeddedWebApplicationContext -Closing org.springframework.boot.context.embedded.AnnotationConfigEmbeddedWebApplicationContext@75b6225: startup date [Tue Jun 12 14:03:57 CST 2018]; root of context hierarchy
2018-06-12 14:04:21.455[Thread-26]INFO  o.s.context.support.DefaultLifecycleProcessor -Stopping beans in phase 2147483647
2018-06-12 14:04:21.455[Thread-26]INFO  o.s.jmx.export.annotation.AnnotationMBeanExporter -Unregistering JMX-exposed beans on shutdown
2018-06-12 14:04:21.457[Thread-26]INFO  o.s.orm.jpa.LocalContainerEntityManagerFactoryBean -Closing JPA EntityManagerFactory for persistence unit 'default'
2018-06-12 14:04:21.785[restartedMain]INFO  com.demo.springbootdemo.SpringbootdemoApplication -Starting SpringbootdemoApplication on czx with PID 33120 (D:\workspace\ideaworkspace\springbootdemo\target\classes started by czx in D:\workspace\ideaworkspace\springbootdemo)
2018-06-12 14:04:21.785[restartedMain]INFO  com.demo.springbootdemo.SpringbootdemoApplication -The following profiles are active: dev
2018-06-12 14:04:21.788[restartedMain]INFO  o.s.b.c.e.AnnotationConfigEmbeddedWebApplicationContext -Refreshing org.springframework.boot.context.embedded.AnnotationConfigEmbeddedWebApplicationContext@33e71441: startup date [Tue Jun 12 14:04:21 CST 2018]; root of context hierarchy
2018-06-12 14:04:22.264[restartedMain]INFO  o.s.d.r.config.RepositoryConfigurationDelegate -Multiple Spring Data modules found, entering strict repository configuration mode!
2018-06-12 14:04:22.279[restartedMain]INFO  o.s.d.r.config.RepositoryConfigurationDelegate -Multiple Spring Data modules found, entering strict repository configuration mode!
2018-06-12 14:04:22.286[restartedMain]INFO  o.s.d.r.c.RepositoryConfigurationExtensionSupport -Spring Data Redis - Could not safely identify store assignment for repository candidate interface com.demo.springbootdemo.repository.PersonRepository.
2018-06-12 14:04:22.324[restartedMain]INFO  o.s.c.s.PostProcessorRegistrationDelegate$BeanPostProcessorChecker -Bean 'org.springframework.transaction.annotation.ProxyTransactionManagementConfiguration' of type [org.springframework.transaction.annotation.ProxyTransactionManagementConfiguration$$EnhancerBySpringCGLIB$$1714a13] is not eligible for getting processed by all BeanPostProcessors (for example: not eligible for auto-proxying)
2018-06-12 14:04:22.329[restartedMain]INFO  o.s.c.s.PostProcessorRegistrationDelegate$BeanPostProcessorChecker -Bean 'redisConfiguration' of type [com.demo.springbootdemo.conf.RedisConfiguration$$EnhancerBySpringCGLIB$$fe1f502f] is not eligible for getting processed by all BeanPostProcessors (for example: not eligible for auto-proxying)
2018-06-12 14:04:22.332[restartedMain]INFO  o.s.c.s.PostProcessorRegistrationDelegate$BeanPostProcessorChecker -Bean 'keyGenerator' of type [com.demo.springbootdemo.conf.RedisConfiguration$1] is not eligible for getting processed by all BeanPostProcessors (for example: not eligible for auto-proxying)
2018-06-12 14:04:22.333[restartedMain]INFO  o.s.c.s.PostProcessorRegistrationDelegate$BeanPostProcessorChecker -Bean 'org.springframework.cache.annotation.ProxyCachingConfiguration' of type [org.springframework.cache.annotation.ProxyCachingConfiguration$$EnhancerBySpringCGLIB$$4a838031] is not eligible for getting processed by all BeanPostProcessors (for example: not eligible for auto-proxying)
2018-06-12 14:04:22.398[restartedMain]INFO  o.s.b.c.e.tomcat.TomcatEmbeddedServletContainer -Tomcat initialized with port(s): 8082 (http)
2018-06-12 14:04:22.398[restartedMain]INFO  org.apache.catalina.core.StandardService -Starting service Tomcat
2018-06-12 14:04:22.398[restartedMain]INFO  org.apache.catalina.core.StandardEngine -Starting Servlet Engine: Apache Tomcat/8.5.11
2018-06-12 14:04:22.405[localhost-startStop-1]INFO  o.a.c.core.ContainerBase.[Tomcat].[localhost].[/] -Initializing Spring embedded WebApplicationContext
2018-06-12 14:04:22.406[localhost-startStop-1]INFO  org.springframework.web.context.ContextLoader -Root WebApplicationContext: initialization completed in 618 ms
2018-06-12 14:04:22.438[localhost-startStop-1]INFO  o.s.boot.web.servlet.ServletRegistrationBean -Mapping servlet: 'dispatcherServlet' to [/]
2018-06-12 14:04:22.439[localhost-startStop-1]INFO  o.s.boot.web.servlet.FilterRegistrationBean -Mapping filter: 'characterEncodingFilter' to: [/*]
2018-06-12 14:04:22.439[localhost-startStop-1]INFO  o.s.boot.web.servlet.FilterRegistrationBean -Mapping filter: 'hiddenHttpMethodFilter' to: [/*]
2018-06-12 14:04:22.439[localhost-startStop-1]INFO  o.s.boot.web.servlet.FilterRegistrationBean -Mapping filter: 'httpPutFormContentFilter' to: [/*]
2018-06-12 14:04:22.439[localhost-startStop-1]INFO  o.s.boot.web.servlet.FilterRegistrationBean -Mapping filter: 'requestContextFilter' to: [/*]
2018-06-12 14:04:22.547[restartedMain]INFO  o.s.orm.jpa.LocalContainerEntityManagerFactoryBean -Building JPA container EntityManagerFactory for persistence unit 'default'
2018-06-12 14:04:22.548[restartedMain]INFO  org.hibernate.jpa.internal.util.LogHelper -HHH000204: Processing PersistenceUnitInfo [
	name: default
	...]
2018-06-12 14:04:22.552[restartedMain]INFO  org.hibernate.dialect.Dialect -HHH000400: Using dialect: org.hibernate.dialect.MySQL5Dialect
2018-06-12 14:04:22.562[restartedMain]INFO  org.hibernate.tool.hbm2ddl.SchemaUpdate -HHH000228: Running hbm2ddl schema update
2018-06-12 14:04:22.570[restartedMain]INFO  o.s.orm.jpa.LocalContainerEntityManagerFactoryBean -Initialized JPA EntityManagerFactory for persistence unit 'default'
2018-06-12 14:04:22.737[restartedMain]INFO  o.s.w.s.m.m.a.RequestMappingHandlerMapping -Mapped "{[/getValue],methods=[GET]}" onto public java.lang.String com.demo.springbootdemo.controller.HelloController.getPropertiessValue()
2018-06-12 14:04:22.737[restartedMain]INFO  o.s.w.s.m.m.a.RequestMappingHandlerMapping -Mapped "{[/hello],methods=[GET]}" onto public java.lang.String com.demo.springbootdemo.controller.HelloController.say()
2018-06-12 14:04:22.738[restartedMain]INFO  o.s.w.s.m.m.a.RequestMappingHandlerMapping -Mapped "{[/list],methods=[POST]}" onto public java.util.List<com.demo.springbootdemo.entity.Person> com.demo.springbootdemo.controller.PersonController.personList()
2018-06-12 14:04:22.738[restartedMain]INFO  o.s.w.s.m.m.a.RequestMappingHandlerMapping -Mapped "{[/add],methods=[POST]}" onto public com.demo.springbootdemo.entity.Person com.demo.springbootdemo.controller.PersonController.personAdd(com.demo.springbootdemo.entity.Person)
2018-06-12 14:04:22.739[restartedMain]INFO  o.s.w.s.m.m.a.RequestMappingHandlerMapping -Mapped "{[/update],methods=[PUT]}" onto public com.demo.springbootdemo.entity.Person com.demo.springbootdemo.controller.PersonController.personUpdate(com.demo.springbootdemo.entity.Person)
2018-06-12 14:04:22.739[restartedMain]INFO  o.s.w.s.m.m.a.RequestMappingHandlerMapping -Mapped "{[/two],methods=[POST]}" onto public void com.demo.springbootdemo.controller.PersonController.insertTwo()
2018-06-12 14:04:22.739[restartedMain]INFO  o.s.w.s.m.m.a.RequestMappingHandlerMapping -Mapped "{[/get/{id}],methods=[GET]}" onto public com.demo.springbootdemo.entity.Person com.demo.springbootdemo.controller.PersonController.personFindOne(java.lang.Integer)
2018-06-12 14:04:22.739[restartedMain]INFO  o.s.w.s.m.m.a.RequestMappingHandlerMapping -Mapped "{[/get/age/{age}],methods=[GET]}" onto public java.util.List<com.demo.springbootdemo.entity.Person> com.demo.springbootdemo.controller.PersonController.personListByAge(java.lang.Integer)
2018-06-12 14:04:22.739[restartedMain]INFO  o.s.w.s.m.m.a.RequestMappingHandlerMapping -Mapped "{[/delete/{id}],methods=[DELETE]}" onto public void com.demo.springbootdemo.controller.PersonController.personDelete(java.lang.Integer)
2018-06-12 14:04:22.741[restartedMain]INFO  o.s.w.s.m.m.a.RequestMappingHandlerMapping -Mapped "{[/swagger-resources]}" onto public org.springframework.http.ResponseEntity<java.util.List<springfox.documentation.swagger.web.SwaggerResource>> springfox.documentation.swagger.web.ApiResourceController.swaggerResources()
2018-06-12 14:04:22.742[restartedMain]INFO  o.s.w.s.m.m.a.RequestMappingHandlerMapping -Mapped "{[/swagger-resources/configuration/ui]}" onto public org.springframework.http.ResponseEntity<springfox.documentation.swagger.web.UiConfiguration> springfox.documentation.swagger.web.ApiResourceController.uiConfiguration()
2018-06-12 14:04:22.742[restartedMain]INFO  o.s.w.s.m.m.a.RequestMappingHandlerMapping -Mapped "{[/swagger-resources/configuration/security]}" onto public org.springframework.http.ResponseEntity<springfox.documentation.swagger.web.SecurityConfiguration> springfox.documentation.swagger.web.ApiResourceController.securityConfiguration()
2018-06-12 14:04:22.744[restartedMain]INFO  o.s.w.s.m.m.a.RequestMappingHandlerMapping -Mapped "{[/error]}" onto public org.springframework.http.ResponseEntity<java.util.Map<java.lang.String, java.lang.Object>> org.springframework.boot.autoconfigure.web.BasicErrorController.error(javax.servlet.http.HttpServletRequest)
2018-06-12 14:04:22.744[restartedMain]INFO  o.s.w.s.m.m.a.RequestMappingHandlerMapping -Mapped "{[/error],produces=[text/html]}" onto public org.springframework.web.servlet.ModelAndView org.springframework.boot.autoconfigure.web.BasicErrorController.errorHtml(javax.servlet.http.HttpServletRequest,javax.servlet.http.HttpServletResponse)
2018-06-12 14:04:22.784[restartedMain]INFO  s.d.s.w.PropertySourcedRequestMappingHandlerMapping -Mapped URL path [/v2/api-docs] onto method [public org.springframework.http.ResponseEntity<springfox.documentation.spring.web.json.Json> springfox.documentation.swagger2.web.Swagger2Controller.getDocumentation(java.lang.String,javax.servlet.http.HttpServletRequest)]
2018-06-12 14:04:22.800[restartedMain]INFO  o.s.w.s.m.m.a.RequestMappingHandlerAdapter -Looking for @ControllerAdvice: org.springframework.boot.context.embedded.AnnotationConfigEmbeddedWebApplicationContext@33e71441: startup date [Tue Jun 12 14:04:21 CST 2018]; root of context hierarchy
2018-06-12 14:04:22.809[restartedMain]INFO  o.s.web.servlet.handler.SimpleUrlHandlerMapping -Mapped URL path [/webjars/**] onto handler of type [class org.springframework.web.servlet.resource.ResourceHttpRequestHandler]
2018-06-12 14:04:22.809[restartedMain]INFO  o.s.web.servlet.handler.SimpleUrlHandlerMapping -Mapped URL path [/**] onto handler of type [class org.springframework.web.servlet.resource.ResourceHttpRequestHandler]
2018-06-12 14:04:22.820[restartedMain]INFO  o.s.web.servlet.handler.SimpleUrlHandlerMapping -Mapped URL path [/**/favicon.ico] onto handler of type [class org.springframework.web.servlet.resource.ResourceHttpRequestHandler]
2018-06-12 14:04:22.867[restartedMain]INFO  o.s.b.d.autoconfigure.OptionalLiveReloadServer -LiveReload server is running on port 35729
2018-06-12 14:04:22.904[restartedMain]INFO  o.s.jmx.export.annotation.AnnotationMBeanExporter -Registering beans for JMX exposure on startup
2018-06-12 14:04:22.908[restartedMain]INFO  o.s.context.support.DefaultLifecycleProcessor -Starting beans in phase 2147483647
2018-06-12 14:04:22.908[restartedMain]INFO  s.d.s.web.plugins.DocumentationPluginsBootstrapper -Context refreshed
2018-06-12 14:04:22.908[restartedMain]INFO  s.d.s.web.plugins.DocumentationPluginsBootstrapper -Found 1 custom documentation plugin(s)
2018-06-12 14:04:22.915[restartedMain]INFO  s.d.spring.web.scanners.ApiListingReferenceScanner -Scanning for api listing references
2018-06-12 14:04:23.000[restartedMain]INFO  org.apache.coyote.http11.Http11NioProtocol -Initializing ProtocolHandler ["http-nio-8082"]
2018-06-12 14:04:23.001[restartedMain]INFO  org.apache.coyote.http11.Http11NioProtocol -Starting ProtocolHandler [http-nio-8082]
2018-06-12 14:04:23.001[restartedMain]INFO  org.apache.tomcat.util.net.NioSelectorPool -Using a shared selector for servlet write/read
2018-06-12 14:04:23.003[restartedMain]INFO  o.s.b.c.e.tomcat.TomcatEmbeddedServletContainer -Tomcat started on port(s): 8082 (http)
2018-06-12 14:04:23.005[restartedMain]INFO  com.demo.springbootdemo.SpringbootdemoApplication -Started SpringbootdemoApplication in 1.271 seconds (JVM running for 7946.721)
2018-06-12 14:04:26.680[Thread-35]INFO  o.s.b.c.e.AnnotationConfigEmbeddedWebApplicationContext -Closing org.springframework.boot.context.embedded.AnnotationConfigEmbeddedWebApplicationContext@33e71441: startup date [Tue Jun 12 14:04:21 CST 2018]; root of context hierarchy
2018-06-12 14:04:26.681[Thread-35]INFO  o.s.context.support.DefaultLifecycleProcessor -Stopping beans in phase 2147483647
2018-06-12 14:04:26.682[Thread-35]INFO  o.s.jmx.export.annotation.AnnotationMBeanExporter -Unregistering JMX-exposed beans on shutdown
2018-06-12 14:04:26.682[Thread-35]INFO  o.s.orm.jpa.LocalContainerEntityManagerFactoryBean -Closing JPA EntityManagerFactory for persistence unit 'default'
2018-06-12 14:04:27.010[restartedMain]INFO  com.demo.springbootdemo.SpringbootdemoApplication -Starting SpringbootdemoApplication on czx with PID 33120 (D:\workspace\ideaworkspace\springbootdemo\target\classes started by czx in D:\workspace\ideaworkspace\springbootdemo)
2018-06-12 14:04:27.010[restartedMain]INFO  com.demo.springbootdemo.SpringbootdemoApplication -The following profiles are active: dev
2018-06-12 14:04:27.013[restartedMain]INFO  o.s.b.c.e.AnnotationConfigEmbeddedWebApplicationContext -Refreshing org.springframework.boot.context.embedded.AnnotationConfigEmbeddedWebApplicationContext@6473b490: startup date [Tue Jun 12 14:04:27 CST 2018]; root of context hierarchy
