2018-06-08 09:52:33.676[restartedMain]INFO  com.demo.springbootdemo.SpringbootdemoApplication -Starting SpringbootdemoApplication on czx with PID 26864 (D:\workspace\ideaworkspace\springbootdemo\target\classes started by czx in D:\workspace\ideaworkspace\springbootdemo)
2018-06-08 09:52:33.679[restartedMain]INFO  com.demo.springbootdemo.SpringbootdemoApplication -The following profiles are active: dev
2018-06-08 09:52:33.753[restartedMain]INFO  o.s.b.c.e.AnnotationConfigEmbeddedWebApplicationContext -Refreshing org.springframework.boot.context.embedded.AnnotationConfigEmbeddedWebApplicationContext@7a162244: startup date [Fri Jun 08 09:52:33 CST 2018]; root of context hierarchy
2018-06-08 09:52:33.998[background-preinit]INFO  org.hibernate.validator.internal.util.Version -HV000001: Hibernate Validator 5.3.4.Final
2018-06-08 09:52:35.281[restartedMain]INFO  o.s.d.r.config.RepositoryConfigurationDelegate -Multiple Spring Data modules found, entering strict repository configuration mode!
2018-06-08 09:52:35.342[restartedMain]INFO  o.s.d.r.config.RepositoryConfigurationDelegate -Multiple Spring Data modules found, entering strict repository configuration mode!
2018-06-08 09:52:35.368[restartedMain]INFO  o.s.d.r.c.RepositoryConfigurationExtensionSupport -Spring Data Redis - Could not safely identify store assignment for repository candidate interface com.demo.springbootdemo.repository.PersonRepository.
2018-06-08 09:52:35.816[restartedMain]INFO  o.s.c.s.PostProcessorRegistrationDelegate$BeanPostProcessorChecker -Bean 'org.springframework.transaction.annotation.ProxyTransactionManagementConfiguration' of type [org.springframework.transaction.annotation.ProxyTransactionManagementConfiguration$$EnhancerBySpringCGLIB$$8f2591af] is not eligible for getting processed by all BeanPostProcessors (for example: not eligible for auto-proxying)
2018-06-08 09:52:35.848[restartedMain]INFO  o.s.c.s.PostProcessorRegistrationDelegate$BeanPostProcessorChecker -Bean 'redisConfiguration' of type [com.demo.springbootdemo.conf.RedisConfiguration$$EnhancerBySpringCGLIB$$8bd397cb] is not eligible for getting processed by all BeanPostProcessors (for example: not eligible for auto-proxying)
2018-06-08 09:52:35.854[restartedMain]INFO  o.s.c.s.PostProcessorRegistrationDelegate$BeanPostProcessorChecker -Bean 'keyGenerator' of type [com.demo.springbootdemo.conf.RedisConfiguration$1] is not eligible for getting processed by all BeanPostProcessors (for example: not eligible for auto-proxying)
2018-06-08 09:52:35.856[restartedMain]INFO  o.s.c.s.PostProcessorRegistrationDelegate$BeanPostProcessorChecker -Bean 'org.springframework.cache.annotation.ProxyCachingConfiguration' of type [org.springframework.cache.annotation.ProxyCachingConfiguration$$EnhancerBySpringCGLIB$$d837c7cd] is not eligible for getting processed by all BeanPostProcessors (for example: not eligible for auto-proxying)
2018-06-08 09:52:36.268[restartedMain]INFO  o.s.b.c.e.tomcat.TomcatEmbeddedServletContainer -Tomcat initialized with port(s): 8082 (http)
2018-06-08 09:52:36.279[restartedMain]INFO  org.apache.catalina.core.StandardService -Starting service Tomcat
2018-06-08 09:52:36.280[restartedMain]INFO  org.apache.catalina.core.StandardEngine -Starting Servlet Engine: Apache Tomcat/8.5.11
2018-06-08 09:52:36.353[localhost-startStop-1]INFO  o.a.c.core.ContainerBase.[Tomcat].[localhost].[/] -Initializing Spring embedded WebApplicationContext
2018-06-08 09:52:36.353[localhost-startStop-1]INFO  org.springframework.web.context.ContextLoader -Root WebApplicationContext: initialization completed in 2600 ms
2018-06-08 09:52:36.499[localhost-startStop-1]INFO  o.s.boot.web.servlet.ServletRegistrationBean -Mapping servlet: 'dispatcherServlet' to [/]
2018-06-08 09:52:36.503[localhost-startStop-1]INFO  o.s.boot.web.servlet.FilterRegistrationBean -Mapping filter: 'characterEncodingFilter' to: [/*]
2018-06-08 09:52:36.503[localhost-startStop-1]INFO  o.s.boot.web.servlet.FilterRegistrationBean -Mapping filter: 'hiddenHttpMethodFilter' to: [/*]
2018-06-08 09:52:36.503[localhost-startStop-1]INFO  o.s.boot.web.servlet.FilterRegistrationBean -Mapping filter: 'httpPutFormContentFilter' to: [/*]
2018-06-08 09:52:36.503[localhost-startStop-1]INFO  o.s.boot.web.servlet.FilterRegistrationBean -Mapping filter: 'requestContextFilter' to: [/*]
2018-06-08 09:52:37.063[restartedMain]INFO  o.s.orm.jpa.LocalContainerEntityManagerFactoryBean -Building JPA container EntityManagerFactory for persistence unit 'default'
2018-06-08 09:52:37.082[restartedMain]INFO  org.hibernate.jpa.internal.util.LogHelper -HHH000204: Processing PersistenceUnitInfo [
	name: default
	...]
2018-06-08 09:52:37.190[restartedMain]INFO  org.hibernate.Version -HHH000412: Hibernate Core {5.0.12.Final}
2018-06-08 09:52:37.191[restartedMain]INFO  org.hibernate.cfg.Environment -HHH000206: hibernate.properties not found
2018-06-08 09:52:37.192[restartedMain]INFO  org.hibernate.cfg.Environment -HHH000021: Bytecode provider name : javassist
2018-06-08 09:52:37.251[restartedMain]INFO  org.hibernate.annotations.common.Version -HCANN000001: Hibernate Commons Annotations {5.0.1.Final}
2018-06-08 09:52:37.492[restartedMain]INFO  org.hibernate.dialect.Dialect -HHH000400: Using dialect: org.hibernate.dialect.MySQL5Dialect
2018-06-08 09:52:37.955[restartedMain]INFO  org.hibernate.tool.hbm2ddl.SchemaUpdate -HHH000228: Running hbm2ddl schema update
2018-06-08 09:52:38.044[restartedMain]INFO  o.s.orm.jpa.LocalContainerEntityManagerFactoryBean -Initialized JPA EntityManagerFactory for persistence unit 'default'
2018-06-08 09:52:38.888[restartedMain]INFO  o.s.w.s.m.m.a.RequestMappingHandlerMapping -Mapped "{[/getValue],methods=[GET]}" onto public java.lang.String com.demo.springbootdemo.controller.HelloController.getPropertiessValue()
2018-06-08 09:52:38.902[restartedMain]INFO  o.s.w.s.m.m.a.RequestMappingHandlerMapping -Mapped "{[/hello],methods=[GET]}" onto public java.lang.String com.demo.springbootdemo.controller.HelloController.say()
2018-06-08 09:52:38.906[restartedMain]INFO  o.s.w.s.m.m.a.RequestMappingHandlerMapping -Mapped "{[/list],methods=[POST]}" onto public java.util.List<com.demo.springbootdemo.entity.Person> com.demo.springbootdemo.controller.PersonController.personList()
2018-06-08 09:52:38.909[restartedMain]INFO  o.s.w.s.m.m.a.RequestMappingHandlerMapping -Mapped "{[/get/{id}],methods=[GET]}" onto public com.demo.springbootdemo.entity.Person com.demo.springbootdemo.controller.PersonController.personFindOne(java.lang.Integer)
2018-06-08 09:52:38.909[restartedMain]INFO  o.s.w.s.m.m.a.RequestMappingHandlerMapping -Mapped "{[/two],methods=[POST]}" onto public void com.demo.springbootdemo.controller.PersonController.insertTwo()
2018-06-08 09:52:38.909[restartedMain]INFO  o.s.w.s.m.m.a.RequestMappingHandlerMapping -Mapped "{[/get/age/{age}],methods=[GET]}" onto public java.util.List<com.demo.springbootdemo.entity.Person> com.demo.springbootdemo.controller.PersonController.personListByAge(java.lang.Integer)
2018-06-08 09:52:38.910[restartedMain]INFO  o.s.w.s.m.m.a.RequestMappingHandlerMapping -Mapped "{[/add],methods=[POST]}" onto public com.demo.springbootdemo.entity.Person com.demo.springbootdemo.controller.PersonController.personAdd(com.demo.springbootdemo.entity.Person)
2018-06-08 09:52:38.910[restartedMain]INFO  o.s.w.s.m.m.a.RequestMappingHandlerMapping -Mapped "{[/update],methods=[PUT]}" onto public com.demo.springbootdemo.entity.Person com.demo.springbootdemo.controller.PersonController.personUpdate(com.demo.springbootdemo.entity.Person)
2018-06-08 09:52:38.910[restartedMain]INFO  o.s.w.s.m.m.a.RequestMappingHandlerMapping -Mapped "{[/delete/{id}],methods=[DELETE]}" onto public void com.demo.springbootdemo.controller.PersonController.personDelete(java.lang.Integer)
2018-06-08 09:52:38.913[restartedMain]INFO  o.s.w.s.m.m.a.RequestMappingHandlerMapping -Mapped "{[/swagger-resources]}" onto public org.springframework.http.ResponseEntity<java.util.List<springfox.documentation.swagger.web.SwaggerResource>> springfox.documentation.swagger.web.ApiResourceController.swaggerResources()
2018-06-08 09:52:38.915[restartedMain]INFO  o.s.w.s.m.m.a.RequestMappingHandlerMapping -Mapped "{[/swagger-resources/configuration/ui]}" onto public org.springframework.http.ResponseEntity<springfox.documentation.swagger.web.UiConfiguration> springfox.documentation.swagger.web.ApiResourceController.uiConfiguration()
2018-06-08 09:52:38.915[restartedMain]INFO  o.s.w.s.m.m.a.RequestMappingHandlerMapping -Mapped "{[/swagger-resources/configuration/security]}" onto public org.springframework.http.ResponseEntity<springfox.documentation.swagger.web.SecurityConfiguration> springfox.documentation.swagger.web.ApiResourceController.securityConfiguration()
2018-06-08 09:52:38.917[restartedMain]INFO  o.s.w.s.m.m.a.RequestMappingHandlerMapping -Mapped "{[/error]}" onto public org.springframework.http.ResponseEntity<java.util.Map<java.lang.String, java.lang.Object>> org.springframework.boot.autoconfigure.web.BasicErrorController.error(javax.servlet.http.HttpServletRequest)
2018-06-08 09:52:38.918[restartedMain]INFO  o.s.w.s.m.m.a.RequestMappingHandlerMapping -Mapped "{[/error],produces=[text/html]}" onto public org.springframework.web.servlet.ModelAndView org.springframework.boot.autoconfigure.web.BasicErrorController.errorHtml(javax.servlet.http.HttpServletRequest,javax.servlet.http.HttpServletResponse)
2018-06-08 09:52:39.043[restartedMain]INFO  s.d.s.w.PropertySourcedRequestMappingHandlerMapping -Mapped URL path [/v2/api-docs] onto method [public org.springframework.http.ResponseEntity<springfox.documentation.spring.web.json.Json> springfox.documentation.swagger2.web.Swagger2Controller.getDocumentation(java.lang.String,javax.servlet.http.HttpServletRequest)]
2018-06-08 09:52:39.140[restartedMain]INFO  o.s.w.s.m.m.a.RequestMappingHandlerAdapter -Looking for @ControllerAdvice: org.springframework.boot.context.embedded.AnnotationConfigEmbeddedWebApplicationContext@7a162244: startup date [Fri Jun 08 09:52:33 CST 2018]; root of context hierarchy
2018-06-08 09:52:39.205[restartedMain]INFO  o.s.web.servlet.handler.SimpleUrlHandlerMapping -Mapped URL path [/webjars/**] onto handler of type [class org.springframework.web.servlet.resource.ResourceHttpRequestHandler]
2018-06-08 09:52:39.206[restartedMain]INFO  o.s.web.servlet.handler.SimpleUrlHandlerMapping -Mapped URL path [/**] onto handler of type [class org.springframework.web.servlet.resource.ResourceHttpRequestHandler]
2018-06-08 09:52:39.244[restartedMain]INFO  o.s.web.servlet.handler.SimpleUrlHandlerMapping -Mapped URL path [/**/favicon.ico] onto handler of type [class org.springframework.web.servlet.resource.ResourceHttpRequestHandler]
2018-06-08 09:52:39.508[restartedMain]INFO  o.s.b.d.autoconfigure.OptionalLiveReloadServer -LiveReload server is running on port 35729
2018-06-08 09:52:39.554[restartedMain]INFO  o.s.jmx.export.annotation.AnnotationMBeanExporter -Registering beans for JMX exposure on startup
2018-06-08 09:52:39.562[restartedMain]INFO  o.s.context.support.DefaultLifecycleProcessor -Starting beans in phase 2147483647
2018-06-08 09:52:39.562[restartedMain]INFO  s.d.s.web.plugins.DocumentationPluginsBootstrapper -Context refreshed
2018-06-08 09:52:39.580[restartedMain]INFO  s.d.s.web.plugins.DocumentationPluginsBootstrapper -Found 1 custom documentation plugin(s)
2018-06-08 09:52:39.625[restartedMain]INFO  s.d.spring.web.scanners.ApiListingReferenceScanner -Scanning for api listing references
2018-06-08 09:52:39.911[restartedMain]INFO  org.apache.coyote.http11.Http11NioProtocol -Initializing ProtocolHandler ["http-nio-8082"]
2018-06-08 09:52:39.921[restartedMain]INFO  org.apache.coyote.http11.Http11NioProtocol -Starting ProtocolHandler [http-nio-8082]
2018-06-08 09:52:39.932[restartedMain]INFO  org.apache.tomcat.util.net.NioSelectorPool -Using a shared selector for servlet write/read
2018-06-08 09:52:39.946[restartedMain]INFO  o.s.b.c.e.tomcat.TomcatEmbeddedServletContainer -Tomcat started on port(s): 8082 (http)
2018-06-08 09:52:39.952[restartedMain]INFO  com.demo.springbootdemo.SpringbootdemoApplication -Started SpringbootdemoApplication in 6.674 seconds (JVM running for 8.335)
2018-06-08 09:53:03.235[http-nio-8082-exec-1]INFO  o.a.c.core.ContainerBase.[Tomcat].[localhost].[/] -Initializing Spring FrameworkServlet 'dispatcherServlet'
2018-06-08 09:53:03.235[http-nio-8082-exec-1]INFO  org.springframework.web.servlet.DispatcherServlet -FrameworkServlet 'dispatcherServlet': initialization started
2018-06-08 09:53:03.276[http-nio-8082-exec-1]INFO  org.springframework.web.servlet.DispatcherServlet -FrameworkServlet 'dispatcherServlet': initialization completed in 41 ms
2018-06-08 09:53:59.454[Thread-22]INFO  o.s.b.c.e.AnnotationConfigEmbeddedWebApplicationContext -Closing org.springframework.boot.context.embedded.AnnotationConfigEmbeddedWebApplicationContext@7a162244: startup date [Fri Jun 08 09:52:33 CST 2018]; root of context hierarchy
2018-06-08 09:53:59.460[Thread-22]INFO  o.s.context.support.DefaultLifecycleProcessor -Stopping beans in phase 2147483647
2018-06-08 09:53:59.463[Thread-22]INFO  o.s.jmx.export.annotation.AnnotationMBeanExporter -Unregistering JMX-exposed beans on shutdown
2018-06-08 09:53:59.468[Thread-22]INFO  o.s.orm.jpa.LocalContainerEntityManagerFactoryBean -Closing JPA EntityManagerFactory for persistence unit 'default'
2018-06-08 09:54:00.006[restartedMain]INFO  com.demo.springbootdemo.SpringbootdemoApplication -Starting SpringbootdemoApplication on czx with PID 26864 (D:\workspace\ideaworkspace\springbootdemo\target\classes started by czx in D:\workspace\ideaworkspace\springbootdemo)
2018-06-08 09:54:00.006[restartedMain]INFO  com.demo.springbootdemo.SpringbootdemoApplication -The following profiles are active: dev
2018-06-08 09:54:00.011[restartedMain]INFO  o.s.b.c.e.AnnotationConfigEmbeddedWebApplicationContext -Refreshing org.springframework.boot.context.embedded.AnnotationConfigEmbeddedWebApplicationContext@2654998a: startup date [Fri Jun 08 09:54:00 CST 2018]; root of context hierarchy
2018-06-08 09:54:00.762[restartedMain]INFO  o.s.d.r.config.RepositoryConfigurationDelegate -Multiple Spring Data modules found, entering strict repository configuration mode!
2018-06-08 09:54:00.792[restartedMain]INFO  o.s.d.r.config.RepositoryConfigurationDelegate -Multiple Spring Data modules found, entering strict repository configuration mode!
2018-06-08 09:54:00.804[restartedMain]INFO  o.s.d.r.c.RepositoryConfigurationExtensionSupport -Spring Data Redis - Could not safely identify store assignment for repository candidate interface com.demo.springbootdemo.repository.PersonRepository.
2018-06-08 09:54:00.852[restartedMain]INFO  o.s.c.s.PostProcessorRegistrationDelegate$BeanPostProcessorChecker -Bean 'org.springframework.transaction.annotation.ProxyTransactionManagementConfiguration' of type [org.springframework.transaction.annotation.ProxyTransactionManagementConfiguration$$EnhancerBySpringCGLIB$$8f2591af] is not eligible for getting processed by all BeanPostProcessors (for example: not eligible for auto-proxying)
2018-06-08 09:54:00.858[restartedMain]INFO  o.s.c.s.PostProcessorRegistrationDelegate$BeanPostProcessorChecker -Bean 'redisConfiguration' of type [com.demo.springbootdemo.conf.RedisConfiguration$$EnhancerBySpringCGLIB$$8bd397cb] is not eligible for getting processed by all BeanPostProcessors (for example: not eligible for auto-proxying)
2018-06-08 09:54:00.862[restartedMain]INFO  o.s.c.s.PostProcessorRegistrationDelegate$BeanPostProcessorChecker -Bean 'keyGenerator' of type [com.demo.springbootdemo.conf.RedisConfiguration$1] is not eligible for getting processed by all BeanPostProcessors (for example: not eligible for auto-proxying)
2018-06-08 09:54:00.863[restartedMain]INFO  o.s.c.s.PostProcessorRegistrationDelegate$BeanPostProcessorChecker -Bean 'org.springframework.cache.annotation.ProxyCachingConfiguration' of type [org.springframework.cache.annotation.ProxyCachingConfiguration$$EnhancerBySpringCGLIB$$d837c7cd] is not eligible for getting processed by all BeanPostProcessors (for example: not eligible for auto-proxying)
2018-06-08 09:54:00.944[restartedMain]INFO  o.s.b.c.e.tomcat.TomcatEmbeddedServletContainer -Tomcat initialized with port(s): 8082 (http)
2018-06-08 09:54:00.945[restartedMain]INFO  org.apache.catalina.core.StandardService -Starting service Tomcat
2018-06-08 09:54:00.945[restartedMain]INFO  org.apache.catalina.core.StandardEngine -Starting Servlet Engine: Apache Tomcat/8.5.11
2018-06-08 09:54:00.954[localhost-startStop-1]INFO  o.a.c.core.ContainerBase.[Tomcat].[localhost].[/] -Initializing Spring embedded WebApplicationContext
2018-06-08 09:54:00.955[localhost-startStop-1]INFO  org.springframework.web.context.ContextLoader -Root WebApplicationContext: initialization completed in 944 ms
2018-06-08 09:54:01.009[localhost-startStop-1]INFO  o.s.boot.web.servlet.ServletRegistrationBean -Mapping servlet: 'dispatcherServlet' to [/]
2018-06-08 09:54:01.010[localhost-startStop-1]INFO  o.s.boot.web.servlet.FilterRegistrationBean -Mapping filter: 'characterEncodingFilter' to: [/*]
2018-06-08 09:54:01.010[localhost-startStop-1]INFO  o.s.boot.web.servlet.FilterRegistrationBean -Mapping filter: 'hiddenHttpMethodFilter' to: [/*]
2018-06-08 09:54:01.010[localhost-startStop-1]INFO  o.s.boot.web.servlet.FilterRegistrationBean -Mapping filter: 'httpPutFormContentFilter' to: [/*]
2018-06-08 09:54:01.010[localhost-startStop-1]INFO  o.s.boot.web.servlet.FilterRegistrationBean -Mapping filter: 'requestContextFilter' to: [/*]
2018-06-08 09:54:01.217[restartedMain]INFO  o.s.orm.jpa.LocalContainerEntityManagerFactoryBean -Building JPA container EntityManagerFactory for persistence unit 'default'
2018-06-08 09:54:01.217[restartedMain]INFO  org.hibernate.jpa.internal.util.LogHelper -HHH000204: Processing PersistenceUnitInfo [
	name: default
	...]
2018-06-08 09:54:01.231[restartedMain]INFO  org.hibernate.dialect.Dialect -HHH000400: Using dialect: org.hibernate.dialect.MySQL5Dialect
2018-06-08 09:54:01.264[restartedMain]INFO  org.hibernate.tool.hbm2ddl.SchemaUpdate -HHH000228: Running hbm2ddl schema update
2018-06-08 09:54:01.283[restartedMain]INFO  o.s.orm.jpa.LocalContainerEntityManagerFactoryBean -Initialized JPA EntityManagerFactory for persistence unit 'default'
2018-06-08 09:54:01.547[restartedMain]INFO  o.s.w.s.m.m.a.RequestMappingHandlerMapping -Mapped "{[/getValue],methods=[GET]}" onto public java.lang.String com.demo.springbootdemo.controller.HelloController.getPropertiessValue()
2018-06-08 09:54:01.548[restartedMain]INFO  o.s.w.s.m.m.a.RequestMappingHandlerMapping -Mapped "{[/hello],methods=[GET]}" onto public java.lang.String com.demo.springbootdemo.controller.HelloController.say()
2018-06-08 09:54:01.548[restartedMain]INFO  o.s.w.s.m.m.a.RequestMappingHandlerMapping -Mapped "{[/list],methods=[POST]}" onto public java.util.List<com.demo.springbootdemo.entity.Person> com.demo.springbootdemo.controller.PersonController.personList()
2018-06-08 09:54:01.548[restartedMain]INFO  o.s.w.s.m.m.a.RequestMappingHandlerMapping -Mapped "{[/get/{id}],methods=[GET]}" onto public com.demo.springbootdemo.entity.Person com.demo.springbootdemo.controller.PersonController.personFindOne(java.lang.Integer)
2018-06-08 09:54:01.548[restartedMain]INFO  o.s.w.s.m.m.a.RequestMappingHandlerMapping -Mapped "{[/two],methods=[POST]}" onto public void com.demo.springbootdemo.controller.PersonController.insertTwo()
2018-06-08 09:54:01.549[restartedMain]INFO  o.s.w.s.m.m.a.RequestMappingHandlerMapping -Mapped "{[/get/age/{age}],methods=[GET]}" onto public java.util.List<com.demo.springbootdemo.entity.Person> com.demo.springbootdemo.controller.PersonController.personListByAge(java.lang.Integer)
2018-06-08 09:54:01.549[restartedMain]INFO  o.s.w.s.m.m.a.RequestMappingHandlerMapping -Mapped "{[/add],methods=[POST]}" onto public com.demo.springbootdemo.entity.Person com.demo.springbootdemo.controller.PersonController.personAdd(com.demo.springbootdemo.entity.Person)
2018-06-08 09:54:01.549[restartedMain]INFO  o.s.w.s.m.m.a.RequestMappingHandlerMapping -Mapped "{[/update],methods=[PUT]}" onto public com.demo.springbootdemo.entity.Person com.demo.springbootdemo.controller.PersonController.personUpdate(com.demo.springbootdemo.entity.Person)
2018-06-08 09:54:01.549[restartedMain]INFO  o.s.w.s.m.m.a.RequestMappingHandlerMapping -Mapped "{[/delete/{id}],methods=[DELETE]}" onto public void com.demo.springbootdemo.controller.PersonController.personDelete(java.lang.Integer)
2018-06-08 09:54:01.551[restartedMain]INFO  o.s.w.s.m.m.a.RequestMappingHandlerMapping -Mapped "{[/swagger-resources]}" onto public org.springframework.http.ResponseEntity<java.util.List<springfox.documentation.swagger.web.SwaggerResource>> springfox.documentation.swagger.web.ApiResourceController.swaggerResources()
2018-06-08 09:54:01.551[restartedMain]INFO  o.s.w.s.m.m.a.RequestMappingHandlerMapping -Mapped "{[/swagger-resources/configuration/ui]}" onto public org.springframework.http.ResponseEntity<springfox.documentation.swagger.web.UiConfiguration> springfox.documentation.swagger.web.ApiResourceController.uiConfiguration()
2018-06-08 09:54:01.551[restartedMain]INFO  o.s.w.s.m.m.a.RequestMappingHandlerMapping -Mapped "{[/swagger-resources/configuration/security]}" onto public org.springframework.http.ResponseEntity<springfox.documentation.swagger.web.SecurityConfiguration> springfox.documentation.swagger.web.ApiResourceController.securityConfiguration()
2018-06-08 09:54:01.553[restartedMain]INFO  o.s.w.s.m.m.a.RequestMappingHandlerMapping -Mapped "{[/error]}" onto public org.springframework.http.ResponseEntity<java.util.Map<java.lang.String, java.lang.Object>> org.springframework.boot.autoconfigure.web.BasicErrorController.error(javax.servlet.http.HttpServletRequest)
2018-06-08 09:54:01.553[restartedMain]INFO  o.s.w.s.m.m.a.RequestMappingHandlerMapping -Mapped "{[/error],produces=[text/html]}" onto public org.springframework.web.servlet.ModelAndView org.springframework.boot.autoconfigure.web.BasicErrorController.errorHtml(javax.servlet.http.HttpServletRequest,javax.servlet.http.HttpServletResponse)
2018-06-08 09:54:01.693[restartedMain]INFO  s.d.s.w.PropertySourcedRequestMappingHandlerMapping -Mapped URL path [/v2/api-docs] onto method [public org.springframework.http.ResponseEntity<springfox.documentation.spring.web.json.Json> springfox.documentation.swagger2.web.Swagger2Controller.getDocumentation(java.lang.String,javax.servlet.http.HttpServletRequest)]
2018-06-08 09:54:01.760[restartedMain]INFO  o.s.w.s.m.m.a.RequestMappingHandlerAdapter -Looking for @ControllerAdvice: org.springframework.boot.context.embedded.AnnotationConfigEmbeddedWebApplicationContext@2654998a: startup date [Fri Jun 08 09:54:00 CST 2018]; root of context hierarchy
2018-06-08 09:54:01.794[restartedMain]INFO  o.s.web.servlet.handler.SimpleUrlHandlerMapping -Mapped URL path [/webjars/**] onto handler of type [class org.springframework.web.servlet.resource.ResourceHttpRequestHandler]
2018-06-08 09:54:01.795[restartedMain]INFO  o.s.web.servlet.handler.SimpleUrlHandlerMapping -Mapped URL path [/**] onto handler of type [class org.springframework.web.servlet.resource.ResourceHttpRequestHandler]
2018-06-08 09:54:01.833[restartedMain]INFO  o.s.web.servlet.handler.SimpleUrlHandlerMapping -Mapped URL path [/**/favicon.ico] onto handler of type [class org.springframework.web.servlet.resource.ResourceHttpRequestHandler]
2018-06-08 09:54:01.996[restartedMain]INFO  o.s.b.d.autoconfigure.OptionalLiveReloadServer -LiveReload server is running on port 35729
2018-06-08 09:54:02.144[restartedMain]INFO  o.s.jmx.export.annotation.AnnotationMBeanExporter -Registering beans for JMX exposure on startup
2018-06-08 09:54:02.152[restartedMain]INFO  o.s.context.support.DefaultLifecycleProcessor -Starting beans in phase 2147483647
2018-06-08 09:54:02.152[restartedMain]INFO  s.d.s.web.plugins.DocumentationPluginsBootstrapper -Context refreshed
2018-06-08 09:54:02.154[restartedMain]INFO  s.d.s.web.plugins.DocumentationPluginsBootstrapper -Found 1 custom documentation plugin(s)
2018-06-08 09:54:02.176[restartedMain]INFO  s.d.spring.web.scanners.ApiListingReferenceScanner -Scanning for api listing references
2018-06-08 09:54:02.473[restartedMain]INFO  org.apache.coyote.http11.Http11NioProtocol -Initializing ProtocolHandler ["http-nio-8082"]
2018-06-08 09:54:02.474[restartedMain]INFO  org.apache.coyote.http11.Http11NioProtocol -Starting ProtocolHandler [http-nio-8082]
2018-06-08 09:54:02.476[restartedMain]INFO  org.apache.tomcat.util.net.NioSelectorPool -Using a shared selector for servlet write/read
2018-06-08 09:54:02.479[restartedMain]INFO  o.s.b.c.e.tomcat.TomcatEmbeddedServletContainer -Tomcat started on port(s): 8082 (http)
2018-06-08 09:54:02.484[restartedMain]INFO  com.demo.springbootdemo.SpringbootdemoApplication -Started SpringbootdemoApplication in 2.534 seconds (JVM running for 90.867)
